This is pdfTeX, Version 3.141592653-2.6-1.40.22 (TeX Live 2022/dev/Debian) (preloaded format=pdflatex 2023.10.10)  29 MAR 2025 12:18
entering extended mode
 restricted \write18 enabled.
 file:line:error style messages enabled.
 %&-line parsing enabled.
**/home/esgarcia/uol_workspace/final-project/registry/reports/preliminary-report/final.tex
(/home/esgarcia/uol_workspace/final-project/registry/reports/preliminary-report/final.tex
LaTeX2e <2021-11-15> patch level 1
L3 programming layer <2022-01-21> (/usr/share/texlive/texmf-dist/tex/latex/base/article.cls
Document Class: article 2021/10/04 v1.4n Standard LaTeX document class
(/usr/share/texlive/texmf-dist/tex/latex/base/size10.clo
File: size10.clo 2021/10/04 v1.4n Standard LaTeX file (size option)
)
\c@part=\count185
\c@section=\count186
\c@subsection=\count187
\c@subsubsection=\count188
\c@paragraph=\count189
\c@subparagraph=\count190
\c@figure=\count191
\c@table=\count192
\abovecaptionskip=\skip47
\belowcaptionskip=\skip48
\bibindent=\dimen138
) (/usr/share/texlive/texmf-dist/tex/latex/float/float.sty
Package: float 2001/11/08 v1.3d Float enhancements (AL)
\c@float@type=\count193
\float@exts=\toks16
\float@box=\box50
\@float@everytoks=\toks17
\@floatcapt=\box51
) (/usr/share/texlive/texmf-dist/tex/latex/tools/verbatim.sty
Package: verbatim 2020-07-07 v1.5u LaTeX2e package for verbatim enhancements
\every@verbatim=\toks18
\verbatim@line=\toks19
\verbatim@in@stream=\read2
) (/usr/share/texlive/texmf-dist/tex/latex/xcolor/xcolor.sty
Package: xcolor 2021/10/31 v2.13 LaTeX color extensions (UK)
 (/usr/share/texlive/texmf-dist/tex/latex/graphics-cfg/color.cfg
File: color.cfg 2016/01/02 v1.6 sample color configuration
)
Package xcolor Info: Driver file: pdftex.def on input line 227.
 (/usr/share/texlive/texmf-dist/tex/latex/graphics-def/pdftex.def
File: pdftex.def 2020/10/05 v1.2a Graphics/color driver for pdftex
)
Package xcolor Info: Model `cmy' substituted by `cmy0' on input line 1352.
Package xcolor Info: Model `hsb' substituted by `rgb' on input line 1356.
Package xcolor Info: Model `RGB' extended on input line 1368.
Package xcolor Info: Model `HTML' substituted by `rgb' on input line 1370.
Package xcolor Info: Model `Hsb' substituted by `hsb' on input line 1371.
Package xcolor Info: Model `tHsb' substituted by `hsb' on input line 1372.
Package xcolor Info: Model `HSB' substituted by `hsb' on input line 1373.
Package xcolor Info: Model `Gray' substituted by `gray' on input line 1374.
Package xcolor Info: Model `wave' substituted by `hsb' on input line 1375.
 (/usr/share/texlive/texmf-dist/tex/latex/graphics/dvipsnam.def
File: dvipsnam.def 2016/06/17 v3.0m Driver-dependent file (DPC,SPQR)
)) (/usr/share/texlive/texmf-dist/tex/latex/blindtext/blindtext.sty
Package: blindtext 2012/01/06 V2.0 blindtext-Package
 (/usr/share/texlive/texmf-dist/tex/latex/tools/xspace.sty
Package: xspace 2014/10/28 v1.13 Space after command names (DPC,MH)
)
\c@blindtext=\count194
\c@Blindtext=\count195
\c@blind@countparstart=\count196
\blind@countxx=\count197
\blindtext@numBlindtext=\count198
\blind@countyy=\count199
\c@blindlist=\count266
\c@blindlistlevel=\count267
\c@blindlist@level=\count268
\blind@listitem=\count269
\c@blind@listcount=\count270
\c@blind@levelcount=\count271
\blind@mathformula=\count272
\blind@Mathformula=\count273
\c@blind@randomcount=\count274
\c@blind@randommax=\count275
\c@blind@pangramcount=\count276
\c@blind@pangrammax=\count277
) (/usr/share/texlive/texmf-dist/tex/latex/titlesec/titlesec.sty
Package: titlesec 2021/07/05 v2.14 Sectioning titles
\ttl@box=\box52
\beforetitleunit=\skip49
\aftertitleunit=\skip50
\ttl@plus=\dimen139
\ttl@minus=\dimen140
\ttl@toksa=\toks20
\titlewidth=\dimen141
\titlewidthlast=\dimen142
\titlewidthfirst=\dimen143
) (/usr/share/texlive/texmf-dist/tex/latex/graphics/graphicx.sty
Package: graphicx 2021/09/16 v1.2d Enhanced LaTeX Graphics (DPC,SPQR)
 (/usr/share/texlive/texmf-dist/tex/latex/graphics/keyval.sty
Package: keyval 2014/10/28 v1.15 key=value parser (DPC)
\KV@toks@=\toks21
) (/usr/share/texlive/texmf-dist/tex/latex/graphics/graphics.sty
Package: graphics 2021/03/04 v1.4d Standard LaTeX Graphics (DPC,SPQR)
 (/usr/share/texlive/texmf-dist/tex/latex/graphics/trig.sty
Package: trig 2021/08/11 v1.11 sin cos tan (DPC)
) (/usr/share/texlive/texmf-dist/tex/latex/graphics-cfg/graphics.cfg
File: graphics.cfg 2016/06/04 v1.11 sample graphics configuration
)
Package graphics Info: Driver file: pdftex.def on input line 107.
)
\Gin@req@height=\dimen144
\Gin@req@width=\dimen145
) (/usr/share/texlive/texmf-dist/tex/latex/fancyhdr/fancyhdr.sty
Package: fancyhdr 2021/01/28 v4.0.1 Extensive control of page headers and footers
\f@nch@headwidth=\skip51
\f@nch@O@elh=\skip52
\f@nch@O@erh=\skip53
\f@nch@O@olh=\skip54
\f@nch@O@orh=\skip55
\f@nch@O@elf=\skip56
\f@nch@O@erf=\skip57
\f@nch@O@olf=\skip58
\f@nch@O@orf=\skip59
) (/usr/share/texlive/texmf-dist/tex/latex/caption/caption.sty
Package: caption 2020/10/26 v3.5g Customizing captions (AR)
 (/usr/share/texlive/texmf-dist/tex/latex/caption/caption3.sty
Package: caption3 2020/10/21 v2.2e caption3 kernel (AR)
\captionmargin=\dimen146
\captionmargin@=\dimen147
\captionwidth=\dimen148
\caption@tempdima=\dimen149
\caption@indent=\dimen150
\caption@parindent=\dimen151
\caption@hangindent=\dimen152
Package caption Info: Standard document class detected.
)
\c@caption@flags=\count278
\c@continuedfloat=\count279
Package caption Info: float package is loaded.
) (/usr/share/texlive/texmf-dist/tex/latex/listings/listings.sty
\lst@mode=\count280
\lst@gtempboxa=\box53
\lst@token=\toks22
\lst@length=\count281
\lst@currlwidth=\dimen153
\lst@column=\count282
\lst@pos=\count283
\lst@lostspace=\dimen154
\lst@width=\dimen155
\lst@newlines=\count284
\lst@lineno=\count285
\lst@maxwidth=\dimen156
 (/usr/share/texlive/texmf-dist/tex/latex/listings/lstmisc.sty
File: lstmisc.sty 2020/03/24 1.8d (Carsten Heinz)
\c@lstnumber=\count286
\lst@skipnumbers=\count287
\lst@framebox=\box54
) (/usr/share/texlive/texmf-dist/tex/latex/listings/listings.cfg
File: listings.cfg 2020/03/24 1.8d listings configuration
))
Package: listings 2020/03/24 1.8d (Carsten Heinz)
 (/usr/share/texlive/texmf-dist/tex/latex/tools/indentfirst.sty
Package: indentfirst 1995/11/23 v1.03 Indent first paragraph (DPC)
) (/usr/share/texlive/texmf-dist/tex/latex/url/url.sty
\Urlmuskip=\muskip16
Package: url 2013/09/16  ver 3.4  Verb mode for urls, etc.
) (/usr/share/texlive/texmf-dist/tex/latex/hyperref/hyperref.sty
Package: hyperref 2021-06-07 v7.00m Hypertext links for LaTeX
 (/usr/share/texlive/texmf-dist/tex/generic/ltxcmds/ltxcmds.sty
Package: ltxcmds 2020-05-10 v1.25 LaTeX kernel commands for general use (HO)
) (/usr/share/texlive/texmf-dist/tex/generic/iftex/iftex.sty
Package: iftex 2020/03/06 v1.0d TeX engine tests
) (/usr/share/texlive/texmf-dist/tex/generic/pdftexcmds/pdftexcmds.sty
Package: pdftexcmds 2020-06-27 v0.33 Utility functions of pdfTeX for LuaTeX (HO)
 (/usr/share/texlive/texmf-dist/tex/generic/infwarerr/infwarerr.sty
Package: infwarerr 2019/12/03 v1.5 Providing info/warning/error messages (HO)
)
Package pdftexcmds Info: \pdf@primitive is available.
Package pdftexcmds Info: \pdf@ifprimitive is available.
Package pdftexcmds Info: \pdfdraftmode found.
) (/usr/share/texlive/texmf-dist/tex/generic/kvsetkeys/kvsetkeys.sty
Package: kvsetkeys 2019/12/15 v1.18 Key value parser (HO)
) (/usr/share/texlive/texmf-dist/tex/generic/kvdefinekeys/kvdefinekeys.sty
Package: kvdefinekeys 2019-12-19 v1.6 Define keys (HO)
) (/usr/share/texlive/texmf-dist/tex/generic/pdfescape/pdfescape.sty
Package: pdfescape 2019/12/09 v1.15 Implements pdfTeX's escape features (HO)
) (/usr/share/texlive/texmf-dist/tex/latex/hycolor/hycolor.sty
Package: hycolor 2020-01-27 v1.10 Color options for hyperref/bookmark (HO)
) (/usr/share/texlive/texmf-dist/tex/latex/letltxmacro/letltxmacro.sty
Package: letltxmacro 2019/12/03 v1.6 Let assignment for LaTeX macros (HO)
) (/usr/share/texlive/texmf-dist/tex/latex/auxhook/auxhook.sty
Package: auxhook 2019-12-17 v1.6 Hooks for auxiliary files (HO)
) (/usr/share/texlive/texmf-dist/tex/latex/kvoptions/kvoptions.sty
Package: kvoptions 2020-10-07 v3.14 Key value format for package options (HO)
)
\@linkdim=\dimen157
\Hy@linkcounter=\count288
\Hy@pagecounter=\count289
 (/usr/share/texlive/texmf-dist/tex/latex/hyperref/pd1enc.def
File: pd1enc.def 2021-06-07 v7.00m Hyperref: PDFDocEncoding definition (HO)
Now handling font encoding PD1 ...
... no UTF-8 mapping file for font encoding PD1
) (/usr/share/texlive/texmf-dist/tex/latex/hyperref/hyperref-langpatches.def
File: hyperref-langpatches.def 2021-06-07 v7.00m Hyperref: patches for babel languages
) (/usr/share/texlive/texmf-dist/tex/generic/intcalc/intcalc.sty
Package: intcalc 2019/12/15 v1.3 Expandable calculations with integers (HO)
) (/usr/share/texlive/texmf-dist/tex/generic/etexcmds/etexcmds.sty
Package: etexcmds 2019/12/15 v1.7 Avoid name clashes with e-TeX commands (HO)
)
\Hy@SavedSpaceFactor=\count290
 (/usr/share/texlive/texmf-dist/tex/latex/hyperref/puenc.def
File: puenc.def 2021-06-07 v7.00m Hyperref: PDF Unicode definition (HO)
Now handling font encoding PU ...
... no UTF-8 mapping file for font encoding PU
)
Package hyperref Info: Hyper figures OFF on input line 4192.
Package hyperref Info: Link nesting OFF on input line 4197.
Package hyperref Info: Hyper index ON on input line 4200.
Package hyperref Info: Plain pages OFF on input line 4207.
Package hyperref Info: Backreferencing OFF on input line 4212.
Package hyperref Info: Implicit mode ON; LaTeX internals redefined.
Package hyperref Info: Bookmarks ON on input line 4445.
\c@Hy@tempcnt=\count291
LaTeX Info: Redefining \url on input line 4804.
\XeTeXLinkMargin=\dimen158
 (/usr/share/texlive/texmf-dist/tex/generic/bitset/bitset.sty
Package: bitset 2019/12/09 v1.3 Handle bit-vector datatype (HO)
 (/usr/share/texlive/texmf-dist/tex/generic/bigintcalc/bigintcalc.sty
Package: bigintcalc 2019/12/15 v1.5 Expandable calculations on big integers (HO)
))
\Fld@menulength=\count292
\Field@Width=\dimen159
\Fld@charsize=\dimen160
Package hyperref Info: Hyper figures OFF on input line 6076.
Package hyperref Info: Link nesting OFF on input line 6081.
Package hyperref Info: Hyper index ON on input line 6084.
Package hyperref Info: backreferencing OFF on input line 6091.
Package hyperref Info: Link coloring OFF on input line 6096.
Package hyperref Info: Link coloring with OCG OFF on input line 6101.
Package hyperref Info: PDF/A mode OFF on input line 6106.
LaTeX Info: Redefining \ref on input line 6146.
LaTeX Info: Redefining \pageref on input line 6150.
 (/usr/share/texlive/texmf-dist/tex/latex/base/atbegshi-ltx.sty
Package: atbegshi-ltx 2021/01/10 v1.0c Emulation of the original atbegshi
package with kernel methods
)
\Hy@abspage=\count293
\c@Item=\count294
\c@Hfootnote=\count295
)
Package hyperref Info: Driver (autodetected): hpdftex.
 (/usr/share/texlive/texmf-dist/tex/latex/hyperref/hpdftex.def
File: hpdftex.def 2021-06-07 v7.00m Hyperref driver for pdfTeX
 (/usr/share/texlive/texmf-dist/tex/latex/base/atveryend-ltx.sty
Package: atveryend-ltx 2020/08/19 v1.0a Emulation of the original atveryend package
with kernel methods
)
\Fld@listcount=\count296
\c@bookmark@seq@number=\count297
 (/usr/share/texlive/texmf-dist/tex/latex/rerunfilecheck/rerunfilecheck.sty
Package: rerunfilecheck 2019/12/05 v1.9 Rerun checks for auxiliary files (HO)
 (/usr/share/texlive/texmf-dist/tex/generic/uniquecounter/uniquecounter.sty
Package: uniquecounter 2019/12/15 v1.4 Provide unlimited unique counter (HO)
)
Package uniquecounter Info: New unique counter `rerunfilecheck' on input line 286.
)
\Hy@SectionHShift=\skip60
) (/usr/share/texlive/texmf-dist/tex/latex/geometry/geometry.sty
Package: geometry 2020/01/02 v5.9 Page Geometry
 (/usr/share/texlive/texmf-dist/tex/generic/iftex/ifvtex.sty
Package: ifvtex 2019/10/25 v1.7 ifvtex legacy package. Use iftex instead.
)
\Gm@cnth=\count298
\Gm@cntv=\count299
\c@Gm@tempcnt=\count300
\Gm@bindingoffset=\dimen161
\Gm@wd@mp=\dimen162
\Gm@odd@mp=\dimen163
\Gm@even@mp=\dimen164
\Gm@layoutwidth=\dimen165
\Gm@layoutheight=\dimen166
\Gm@layouthoffset=\dimen167
\Gm@layoutvoffset=\dimen168
\Gm@dimlist=\toks23
) (/usr/share/texlive/texmf-dist/tex/latex/l3backend/l3backend-pdftex.def
File: l3backend-pdftex.def 2022-01-12 L3 backend support: PDF output (pdfTeX)
\l__color_backend_stack_int=\count301
\l__pdf_internal_box=\box55
) (./final.aux)
\openout1 = `final.aux'.

LaTeX Font Info:    Checking defaults for OML/cmm/m/it on input line 86.
LaTeX Font Info:    ... okay on input line 86.
LaTeX Font Info:    Checking defaults for OMS/cmsy/m/n on input line 86.
LaTeX Font Info:    ... okay on input line 86.
LaTeX Font Info:    Checking defaults for OT1/cmr/m/n on input line 86.
LaTeX Font Info:    ... okay on input line 86.
LaTeX Font Info:    Checking defaults for T1/cmr/m/n on input line 86.
LaTeX Font Info:    ... okay on input line 86.
LaTeX Font Info:    Checking defaults for TS1/cmr/m/n on input line 86.
LaTeX Font Info:    ... okay on input line 86.
LaTeX Font Info:    Checking defaults for OMX/cmex/m/n on input line 86.
LaTeX Font Info:    ... okay on input line 86.
LaTeX Font Info:    Checking defaults for U/cmr/m/n on input line 86.
LaTeX Font Info:    ... okay on input line 86.
LaTeX Font Info:    Checking defaults for PD1/pdf/m/n on input line 86.
LaTeX Font Info:    ... okay on input line 86.
LaTeX Font Info:    Checking defaults for PU/pdf/m/n on input line 86.
LaTeX Font Info:    ... okay on input line 86.
 (/usr/share/texlive/texmf-dist/tex/context/base/mkii/supp-pdf.mkii
[Loading MPS to PDF converter (version 2006.09.02).]
\scratchcounter=\count302
\scratchdimen=\dimen169
\scratchbox=\box56
\nofMPsegments=\count303
\nofMParguments=\count304
\everyMPshowfont=\toks24
\MPscratchCnt=\count305
\MPscratchDim=\dimen170
\MPnumerator=\count306
\makeMPintoPDFobject=\count307
\everyMPtoPDFconversion=\toks25
) (/usr/share/texlive/texmf-dist/tex/latex/epstopdf-pkg/epstopdf-base.sty
Package: epstopdf-base 2020-01-24 v2.11 Base part for package epstopdf
Package epstopdf-base Info: Redefining graphics rule for `.eps' on input line 485.
 (/usr/share/texlive/texmf-dist/tex/latex/latexconfig/epstopdf-sys.cfg
File: epstopdf-sys.cfg 2010/07/13 v1.3 Configuration of (r)epstopdf for TeX Live
))
Package caption Info: Begin \AtBeginDocument code.
Package caption Info: hyperref package is loaded.
Package caption Info: listings package is loaded.
Package caption Info: End \AtBeginDocument code.
\c@lstlisting=\count308
Package hyperref Info: Link coloring OFF on input line 86.
 (/usr/share/texlive/texmf-dist/tex/latex/hyperref/nameref.sty
Package: nameref 2021-04-02 v2.47 Cross-referencing by name of section
 (/usr/share/texlive/texmf-dist/tex/latex/refcount/refcount.sty
Package: refcount 2019/12/15 v3.6 Data extraction from label references (HO)
) (/usr/share/texlive/texmf-dist/tex/generic/gettitlestring/gettitlestring.sty
Package: gettitlestring 2019/12/15 v1.6 Cleanup title references (HO)
)
\c@section@level=\count309
)
LaTeX Info: Redefining \ref on input line 86.
LaTeX Info: Redefining \pageref on input line 86.
LaTeX Info: Redefining \nameref on input line 86.
 (./final.out) (./final.out)
\@outlinefile=\write3
\openout3 = `final.out'.


*geometry* driver: auto-detecting
*geometry* detected driver: pdftex
*geometry* verbose mode - [ preamble ] result:
* driver: pdftex
* paper: a4paper
* layout: <same size as paper>
* layoutoffset:(h,v)=(0.0pt,0.0pt)
* modes: 
* h-part:(L,W,R)=(72.26999pt, 452.9679pt, 72.26999pt)
* v-part:(T,H,B)=(72.26999pt, 700.50687pt, 72.26999pt)
* \paperwidth=597.50787pt
* \paperheight=845.04684pt
* \textwidth=452.9679pt
* \textheight=700.50687pt
* \oddsidemargin=0.0pt
* \evensidemargin=0.0pt
* \topmargin=-37.0pt
* \headheight=12.0pt
* \headsep=25.0pt
* \topskip=10.0pt
* \footskip=30.0pt
* \marginparwidth=65.0pt
* \marginparsep=11.0pt
* \columnsep=10.0pt
* \skip\footins=9.0pt plus 4.0pt minus 2.0pt
* \hoffset=0.0pt
* \voffset=0.0pt
* \mag=1000
* \@twocolumnfalse
* \@twosidefalse
* \@mparswitchfalse
* \@reversemarginfalse
* (1in=72.27pt=25.4mm, 1cm=28.453pt)

LaTeX Font Info:    External font `cmex10' loaded for size
(Font)              <12> on input line 88.
LaTeX Font Info:    External font `cmex10' loaded for size
(Font)              <8> on input line 88.
LaTeX Font Info:    External font `cmex10' loaded for size
(Font)              <6> on input line 88.
(./final.toc
LaTeX Font Info:    External font `cmex10' loaded for size
(Font)              <7> on input line 3.
LaTeX Font Info:    External font `cmex10' loaded for size
(Font)              <5> on input line 3.
 [1

{/var/lib/texmf/fonts/map/pdftex/updmap/pdftex.map}] [2])
\tf@toc=\write4
\openout4 = `final.toc'.

 [3] [4] [5] [6] [7] [8]
Underfull \hbox (badness 10000) in paragraph at lines 287--288

 []


Underfull \hbox (badness 10000) in paragraph at lines 302--303

 []


Underfull \hbox (badness 10000) in paragraph at lines 306--307

 []


Underfull \hbox (badness 10000) in paragraph at lines 312--313

 []

[9]
Underfull \hbox (badness 10000) in paragraph at lines 318--319

 []


Underfull \hbox (badness 10000) in paragraph at lines 322--323

 []


Underfull \hbox (badness 10000) in paragraph at lines 326--327

 []


Underfull \hbox (badness 10000) in paragraph at lines 339--340

 []


Underfull \hbox (badness 10000) in paragraph at lines 353--354

 []

[10]
Underfull \hbox (badness 10000) in paragraph at lines 357--358

 []


Underfull \hbox (badness 10000) in paragraph at lines 363--364

 []


Underfull \hbox (badness 10000) in paragraph at lines 375--376

 []


Underfull \hbox (badness 10000) in paragraph at lines 379--380

 []

[11] [12]
<./images//appendix/auth-flow.png, id=458, 1757.56625pt x 1040.88875pt>
File: ./images//appendix/auth-flow.png Graphic file (type png)
<use ./images//appendix/auth-flow.png>
Package pdftex.def Info: ./images//appendix/auth-flow.png  used on input line 442.
(pdftex.def)             Requested size: 543.56009pt x 321.9098pt.
<./images//appendix/signup-flow.png, id=460, 2016.53375pt x 922.44624pt>
File: ./images//appendix/signup-flow.png Graphic file (type png)
<use ./images//appendix/signup-flow.png>
Package pdftex.def Info: ./images//appendix/signup-flow.png  used on input line 446.
(pdftex.def)             Requested size: 543.56009pt x 248.64154pt.
 [13 <./images//appendix/auth-flow.png>] [14 <./images//appendix/signup-flow.png>]
<./images//appendix/blob-monolithic-upload-with-session.png, id=474, 1629.08624pt x 1034.86626pt>
File: ./images//appendix/blob-monolithic-upload-with-session.png Graphic file (type png)
<use ./images//appendix/blob-monolithic-upload-with-session.png>
Package pdftex.def Info: ./images//appendix/blob-monolithic-upload-with-session.png  used on input line 485.
(pdftex.def)             Requested size: 543.56009pt x 345.2967pt.
<./images//appendix/blob-single-post-upload.png, id=475, 1655.18375pt x 642.4pt>
File: ./images//appendix/blob-single-post-upload.png Graphic file (type png)
<use ./images//appendix/blob-single-post-upload.png>
Package pdftex.def Info: ./images//appendix/blob-single-post-upload.png  used on input line 487.
(pdftex.def)             Requested size: 543.56009pt x 210.96342pt.
 [15 <./images//appendix/blob-monolithic-upload-with-session.png>]
<./images//appendix/blob-upload-in-chunks.png, id=485, 2219.29124pt x 1085.05376pt>
File: ./images//appendix/blob-upload-in-chunks.png Graphic file (type png)
<use ./images//appendix/blob-upload-in-chunks.png>
Package pdftex.def Info: ./images//appendix/blob-upload-in-chunks.png  used on input line 491.
(pdftex.def)             Requested size: 543.56009pt x 265.74944pt.
<./images//appendix/download-blob.png, id=486, 1594.95876pt x 681.54625pt>
File: ./images//appendix/download-blob.png Graphic file (type png)
<use ./images//appendix/download-blob.png>
Package pdftex.def Info: ./images//appendix/download-blob.png  used on input line 495.
(pdftex.def)             Requested size: 543.56009pt x 232.26343pt.
 [16 <./images//appendix/blob-single-post-upload.png> <./images//appendix/blob-upload-in-chunks.png>] [17 <./images//appendix/download-blob.png>]
<./images//appendix/python-upload-flow.png, id=510, 1767.60374pt x 948.54375pt>
File: ./images//appendix/python-upload-flow.png Graphic file (type png)
<use ./images//appendix/python-upload-flow.png>
Package pdftex.def Info: ./images//appendix/python-upload-flow.png  used on input line 529.
(pdftex.def)             Requested size: 543.56009pt x 291.68633pt.

Underfull \hbox (badness 10000) in paragraph at lines 533--534

 []

[18 <./images//appendix/python-upload-flow.png>]
File: "./images/appendix/simple-repository-index.html"  (verbatim)
LaTeX Font Info:    Trying to load font information for OML+cmr on input line 555.
 (/usr/share/texlive/texmf-dist/tex/latex/base/omlcmr.fd
File: omlcmr.fd 2019/12/16 v2.5j Standard LaTeX font definitions
)
LaTeX Font Info:    Font shape `OML/cmr/m/n' in size <10> not available
(Font)              Font shape `OML/cmm/m/it' tried instead on input line 555.
File: "./images/appendix/simple-repository-index-2.html"  (verbatim)
 [19]
<./images//appendix/trivy-scanning.png, id=524, 1785.67125pt x 1527.7075pt>
File: ./images//appendix/trivy-scanning.png Graphic file (type png)
<use ./images//appendix/trivy-scanning.png>
Package pdftex.def Info: ./images//appendix/trivy-scanning.png  used on input line 582.
(pdftex.def)             Requested size: 498.26744pt x 426.2866pt.
<./images//db.png, id=525, 1864.9675pt x 1487.5575pt>
File: ./images//db.png Graphic file (type png)
<use ./images//db.png>
Package pdftex.def Info: ./images//db.png  used on input line 585.
(pdftex.def)             Requested size: 543.56009pt x 433.55966pt.
 [20 <./images//appendix/trivy-scanning.png>] [21 <./images//db.png>] [22]
<./images//gantt.png, id=542, 1457.445pt x 2000.47375pt>
File: ./images//gantt.png Graphic file (type png)
<use ./images//gantt.png>
Package pdftex.def Info: ./images//gantt.png  used on input line 608.
(pdftex.def)             Requested size: 498.26744pt x 683.90663pt.

Overfull \vbox (5.39977pt too high) has occurred while \output is active []

 [23 <./images//gantt.png>]
<./images//architecture.png, id=549, 1754.555pt x 1233.60875pt>
File: ./images//architecture.png Graphic file (type png)
<use ./images//architecture.png>
Package pdftex.def Info: ./images//architecture.png  used on input line 641.
(pdftex.def)             Requested size: 543.56009pt x 382.17006pt.
 [24] [25 <./images//architecture.png>]
<./images//repository_pattern.png, id=572, 1395.2125pt x 690.58pt>
File: ./images//repository_pattern.png Graphic file (type png)
<use ./images//repository_pattern.png>
Package pdftex.def Info: ./images//repository_pattern.png  used on input line 714.
(pdftex.def)             Requested size: 543.56009pt x 269.0406pt.
 [26] [27 <./images//repository_pattern.png>]
<./images//appendix/middleware-flow-python-example.png, id=609, 2624.80624pt x 995.72pt>
File: ./images//appendix/middleware-flow-python-example.png Graphic file (type png)
<use ./images//appendix/middleware-flow-python-example.png>
Package pdftex.def Info: ./images//appendix/middleware-flow-python-example.png  used on input line 746.
(pdftex.def)             Requested size: 543.56009pt x 206.19023pt.
 [28 <./images//appendix/middleware-flow-python-example.png>] [29] [30] [31]
Overfull \hbox (7.65453pt too wide) in paragraph at lines 859--860
\OT1/cmr/m/n/10 Weiner, Oc-to-ber 2024, Google, []$\OT1/cmtt/m/n/10 https : / / cloud . google . com / blog / topics / threat -[] intelligence / time -[]
 []


Overfull \hbox (9.72345pt too wide) in paragraph at lines 861--862
[]\OT1/cmr/m/n/10 [8] `JFrog Xray', []$\OT1/cmtt/m/n/10 https : / / jfrog . com / help / r / get -[] started -[] with -[] the -[] jfrog -[] platform / jfrog -[] xray$[] 
 []


Overfull \hbox (36.08673pt too wide) in paragraph at lines 879--880
[]\OT1/cmr/m/n/10 [17] `Open Con-tainer Ini-tia-tive Dis-tri-bu-tion Spec-i-fi-ca-tion', Feb 2024, []$\OT1/cmtt/m/n/10 https : / / github . com / opencontainers /
 []


Overfull \hbox (38.61156pt too wide) in paragraph at lines 881--882
[]\OT1/cmr/m/n/10 [18] `POST fol-lowed by PUT Blob Up-load', Feb 2024, []$\OT1/cmtt/m/n/10 https : / / github . com / opencontainers / distribution -[]
 []


Overfull \hbox (11.25142pt too wide) in paragraph at lines 885--886
[]\OT1/cmr/m/n/10 [20] `List-ing re-fer-rers', []$\OT1/cmtt/m/n/10 https : / / github . com / opencontainers / distribution -[] spec / blob / main / spec .
 []

[32]
Overfull \hbox (45.6403pt too wide) in paragraph at lines 901--902
[]\OT1/cmr/m/n/10 [28] `Data Pro-tec-tion in S3', []$\OT1/cmtt/m/n/10 https : / / docs . aws . amazon . com / AmazonS3 / latest / userguide / DataDurability .
 []


Overfull \hbox (17.47499pt too wide) in paragraph at lines 925--926
[]\OT1/cmr/m/n/10 [40] `Ver-sioned Mi-gra-tions', Zhizhen He, March 2023, []$\OT1/cmtt/m/n/10 https : / / entgo . io / docs / versioned -[] migrations/$[] 
 []

File: ./images//appendix/auth-flow.png Graphic file (type png)
<use ./images//appendix/auth-flow.png>
Package pdftex.def Info: ./images//appendix/auth-flow.png  used on input line 938.
(pdftex.def)             Requested size: 439.39049pt x 260.22154pt.

Overfull \hbox (1.42259pt too wide) in paragraph at lines 938--939
[][] 
 []

[33]
File: ./images//appendix/blob-monolithic-upload-with-session.png Graphic file (type png)
<use ./images//appendix/blob-monolithic-upload-with-session.png>
Package pdftex.def Info: ./images//appendix/blob-monolithic-upload-with-session.png  used on input line 943.
(pdftex.def)             Requested size: 407.27057pt x 258.71593pt.
File: ./images//appendix/blob-monolithic-upload-with-session.png Graphic file (type png)
<use ./images//appendix/blob-monolithic-upload-with-session.png>
Package pdftex.def Info: ./images//appendix/blob-monolithic-upload-with-session.png  used on input line 948.
(pdftex.def)             Requested size: 407.27057pt x 258.71593pt.
File: ./images//appendix/blob-single-post-upload.png Graphic file (type png)
<use ./images//appendix/blob-single-post-upload.png>
Package pdftex.def Info: ./images//appendix/blob-single-post-upload.png  used on input line 949.
(pdftex.def)             Requested size: 413.79492pt x 160.59961pt.
File: ./images//appendix/blob-upload-in-chunks.png Graphic file (type png)
<use ./images//appendix/blob-upload-in-chunks.png>
Package pdftex.def Info: ./images//appendix/blob-upload-in-chunks.png  used on input line 950.
(pdftex.def)             Requested size: 443.85039pt x 217.0069pt.

Overfull \hbox (385.31981pt too wide) in paragraph at lines 948--951
[][] []
 []

[34]
File: ./images//appendix/blob-upload-in-chunks.png Graphic file (type png)
<use ./images//appendix/blob-upload-in-chunks.png>
Package pdftex.def Info: ./images//appendix/blob-upload-in-chunks.png  used on input line 955.
(pdftex.def)             Requested size: 443.85039pt x 217.0069pt.

Overfull \hbox (5.88249pt too wide) in paragraph at lines 955--956
[][] 
 []

[35]
File: ./images//appendix/download-blob.png Graphic file (type png)
<use ./images//appendix/download-blob.png>
Package pdftex.def Info: ./images//appendix/download-blob.png  used on input line 960.
(pdftex.def)             Requested size: 398.73871pt x 170.38614pt.
File: ./images//appendix/python-upload-flow.png Graphic file (type png)
<use ./images//appendix/python-upload-flow.png>
Package pdftex.def Info: ./images//appendix/python-upload-flow.png  used on input line 965.
(pdftex.def)             Requested size: 441.89986pt x 237.13535pt.

Overfull \hbox (3.93196pt too wide) in paragraph at lines 965--966
[][] 
 []

[36]
File: "./images/appendix/python-package-manifest.json"  (verbatim)

Overfull \hbox (30.0279pt too wide) in paragraph at lines 970--970
[]        \OT1/cmtt/m/n/10 "digest": "sha256:44136fa355b3678a1146ad16f7e8649e94fb4fc21fe77e8310c060f61caaff8a",[] 
 []


Overfull \hbox (51.02771pt too wide) in paragraph at lines 970--970
[]            \OT1/cmtt/m/n/10 "digest": "sha256:70761cfe03c773ceb22aa2f671b4757976145175cdfca038c02654d061d6dcc6",[] 
 []

[37]
File: "./images/appendix/simple-repository-index.html"  (verbatim)
File: "./images/appendix/simple-repository-index-2.html"  (verbatim)
 [38]
File: ./images//appendix/middleware-flow-python-example.png Graphic file (type png)
<use ./images//appendix/middleware-flow-python-example.png>
Package pdftex.def Info: ./images//appendix/middleware-flow-python-example.png  used on input line 1059.
(pdftex.def)             Requested size: 472.44475pt x 179.22186pt.

Overfull \hbox (19.47685pt too wide) in paragraph at lines 1059--1061
[][]
 []


Underfull \hbox (badness 10000) in paragraph at lines 1059--1061

 []

[39]
<./images//screenshots/signin.png, id=788, 1516.66624pt x 826.08624pt>
File: ./images//screenshots/signin.png Graphic file (type png)
<use ./images//screenshots/signin.png>
Package pdftex.def Info: ./images//screenshots/signin.png  used on input line 1067.
(pdftex.def)             Requested size: 424.66365pt x 231.30257pt.
<./images//screenshots/signup.png, id=789, 1513.655pt x 824.07875pt>
File: ./images//screenshots/signup.png Graphic file (type png)
<use ./images//screenshots/signup.png>
Package pdftex.def Info: ./images//screenshots/signup.png  used on input line 1069.
(pdftex.def)             Requested size: 423.82051pt x 230.74048pt.
 [40 <./images//screenshots/signin.png>]
<./images//screenshots/dashboard.png, id=795, 1515.6625pt x 825.0825pt>
File: ./images//screenshots/dashboard.png Graphic file (type png)
<use ./images//screenshots/dashboard.png>
Package pdftex.def Info: ./images//screenshots/dashboard.png  used on input line 1073.
(pdftex.def)             Requested size: 424.38261pt x 231.02151pt.
<./images//screenshots/registries.png, id=796, 1516.66624pt x 825.0825pt>
File: ./images//screenshots/registries.png Graphic file (type png)
<use ./images//screenshots/registries.png>
Package pdftex.def Info: ./images//screenshots/registries.png  used on input line 1077.
(pdftex.def)             Requested size: 424.66365pt x 231.02151pt.
 [41 <./images//screenshots/signup.png> <./images//screenshots/dashboard.png>]
<./images//screenshots/create-registry.png, id=803, 1515.6625pt x 825.0825pt>
File: ./images//screenshots/create-registry.png Graphic file (type png)
<use ./images//screenshots/create-registry.png>
Package pdftex.def Info: ./images//screenshots/create-registry.png  used on input line 1079.
(pdftex.def)             Requested size: 424.38261pt x 231.02151pt.
<./images//screenshots/repositories.png, id=804, 1517.67pt x 827.09pt>
File: ./images//screenshots/repositories.png Graphic file (type png)
<use ./images//screenshots/repositories.png>
Package pdftex.def Info: ./images//screenshots/repositories.png  used on input line 1083.
(pdftex.def)             Requested size: 424.9447pt x 231.58362pt.
 [42 <./images//screenshots/registries.png> <./images//screenshots/create-registry.png>]
<./images//appendix/oci-comformance-test.png, id=811, 944.02687pt x 395.97937pt>
File: ./images//appendix/oci-comformance-test.png Graphic file (type png)
<use ./images//appendix/oci-comformance-test.png>
Package pdftex.def Info: ./images//appendix/oci-comformance-test.png  used on input line 1088.
(pdftex.def)             Requested size: 424.80817pt x 178.18907pt.
 [43 <./images//screenshots/repositories.png> <./images//appendix/oci-comformance-test.png>] (./final.aux)
Package rerunfilecheck Info: File `final.out' has not changed.
(rerunfilecheck)             Checksum: ECA1E4B08797450B20204D69EE24099F;13220.
 ) 
Here is how much of TeX's memory you used:
 13488 strings out of 480171
 215467 string characters out of 5894488
 744066 words of memory out of 5000000
 31030 multiletter control sequences out of 15000+600000
 474017 words of font info for 44 fonts, out of 8000000 for 9000
 59 hyphenation exceptions out of 8191
 60i,12n,63p,865b,1883s stack positions out of 5000i,500n,10000p,200000b,80000s
 </home/esgarcia/.texlive2021/texmf-var/fonts/pk/ljfour/jknappen/ec/tcrm1000.600pk></usr/share/texlive/texmf-dist/fonts/type1/public/amsfonts/cm/cmbx10.pfb></usr/share/texlive/texmf-dist/fonts/type1/public/amsfonts/cm/cmbx12.pfb></usr/share/texlive/texmf-dist/fonts/type1/public/amsfonts/cm/cmmi10.pfb></usr/share/texlive/texmf-dist/fonts/type1/public/amsfonts/cm/cmr10.pfb></usr/share/texlive/texmf-dist/fonts/type1/public/amsfonts/cm/cmr12.pfb></usr/share/texlive/texmf-dist/fonts/type1/public/amsfonts/cm/cmr17.pfb></usr/share/texlive/texmf-dist/fonts/type1/public/amsfonts/cm/cmsy10.pfb></usr/share/texlive/texmf-dist/fonts/type1/public/amsfonts/cm/cmtt10.pfb>
Output written on final.pdf (43 pages, 2084040 bytes).
PDF statistics:
 915 PDF objects out of 1000 (max. 8388607)
 804 compressed objects within 9 object streams
 241 named destinations out of 1000 (max. 500000)
 717 words of extra memory for PDF output out of 10000 (max. 10000000)

