\BOOKMARK [1][-]{section.1}{\376\377\000I\000n\000t\000r\000o\000d\000u\000c\000t\000i\000o\000n}{}% 1
\BOOKMARK [1][-]{section.2}{\376\377\000L\000i\000t\000e\000r\000a\000t\000u\000r\000e\000\040\000R\000e\000v\000i\000e\000w}{}% 2
\BOOKMARK [2][-]{subsection.2.1}{\376\377\000S\000i\000m\000i\000l\000a\000r\000\040\000P\000r\000o\000j\000e\000c\000t\000s}{section.2}% 3
\BOOKMARK [3][-]{subsubsection.2.1.1}{\376\377\000J\000F\000r\000o\000g\000\040\000A\000r\000t\000i\000f\000a\000c\000t\000o\000r\000y\000\040\000\050\000c\000o\000m\000m\000e\000r\000c\000i\000a\000l\000\040\000p\000r\000o\000d\000u\000c\000t\000\051}{subsection.2.1}% 4
\BOOKMARK [3][-]{subsubsection.2.1.2}{\376\377\000H\000a\000r\000b\000o\000r\000\040\000\050\000o\000p\000e\000n\000-\000s\000o\000u\000r\000c\000e\000\040\000p\000r\000o\000j\000e\000c\000t\000\051}{subsection.2.1}% 5
\BOOKMARK [3][-]{subsubsection.2.1.3}{\376\377\000C\000o\000n\000c\000l\000u\000s\000i\000o\000n}{subsection.2.1}% 6
\BOOKMARK [2][-]{subsection.2.2}{\376\377\000R\000e\000s\000e\000a\000r\000c\000h\000\040\000S\000t\000u\000d\000i\000e\000s}{section.2}% 7
\BOOKMARK [2][-]{subsection.2.3}{\376\377\000O\000C\000I\000\040\000v\0001\000.\0001\000\040\000D\000i\000s\000t\000r\000i\000b\000u\000t\000i\000o\000n\000\040\000S\000p\000e\000c\000i\000f\000i\000c\000a\000t\000i\000o\000n}{section.2}% 8
\BOOKMARK [3][-]{subsubsection.2.3.1}{\376\377\000T\000e\000r\000m\000s\000\040\000D\000e\000f\000i\000n\000i\000t\000i\000o\000n\000s}{subsection.2.3}% 9
\BOOKMARK [3][-]{subsubsection.2.3.2}{\376\377\000P\000u\000l\000l}{subsection.2.3}% 10
\BOOKMARK [4][-]{paragraph.2.3.2.1}{\376\377\000P\000u\000l\000l\000i\000n\000g\000\040\000m\000a\000n\000i\000f\000e\000s\000t\000s}{subsubsection.2.3.2}% 11
\BOOKMARK [4][-]{paragraph.2.3.2.2}{\376\377\000P\000u\000l\000l\000i\000n\000g\000\040\000b\000l\000o\000b\000s}{subsubsection.2.3.2}% 12
\BOOKMARK [4][-]{paragraph.2.3.2.3}{\376\377\000C\000h\000e\000c\000k\000i\000n\000g\000\040\000f\000o\000r\000\040\000c\000o\000n\000t\000e\000n\000t\000\040\000e\000x\000i\000s\000t\000a\000n\000c\000e}{subsubsection.2.3.2}% 13
\BOOKMARK [3][-]{subsubsection.2.3.3}{\376\377\000P\000u\000s\000h}{subsection.2.3}% 14
\BOOKMARK [4][-]{paragraph.2.3.3.1}{\376\377\000P\000u\000s\000h\000i\000n\000g\000\040\000b\000l\000o\000b\000s}{subsubsection.2.3.3}% 15
\BOOKMARK [4][-]{paragraph.2.3.3.2}{\376\377\000P\000u\000s\000h\000i\000n\000g\000\040\000m\000a\000n\000i\000f\000e\000s\000t\000s}{subsubsection.2.3.3}% 16
\BOOKMARK [3][-]{subsubsection.2.3.4}{\376\377\000C\000o\000n\000t\000e\000n\000t\000\040\000D\000i\000s\000c\000o\000v\000e\000r\000y}{subsection.2.3}% 17
\BOOKMARK [4][-]{paragraph.2.3.4.1}{\376\377\000L\000i\000s\000t\000i\000n\000g\000\040\000T\000a\000g\000s}{subsubsection.2.3.4}% 18
\BOOKMARK [4][-]{paragraph.2.3.4.2}{\376\377\000L\000i\000s\000t\000i\000n\000g\000\040\000R\000e\000f\000e\000r\000r\000e\000r\000s}{subsubsection.2.3.4}% 19
\BOOKMARK [3][-]{subsubsection.2.3.5}{\376\377\000C\000o\000n\000t\000e\000n\000t\000\040\000M\000a\000n\000a\000g\000e\000m\000e\000n\000t}{subsection.2.3}% 20
\BOOKMARK [1][-]{section.3}{\376\377\000D\000e\000s\000i\000g\000n}{}% 21
\BOOKMARK [1][-]{section.4}{\376\377\000P\000r\000o\000t\000o\000t\000y\000p\000e}{}% 22
\BOOKMARK [1][-]{section.5}{\376\377\000R\000e\000f\000e\000r\000e\000n\000c\000e\000s}{}% 23
